\BOOKMARK [0][-]{chapter.1}{Introduzione}{}% 1
\BOOKMARK [1][-]{section.1.1}{Scenario applicativo}{chapter.1}% 2
\BOOKMARK [1][-]{section.1.2}{Obiettivi e contributi}{chapter.1}% 3
\BOOKMARK [0][-]{chapter.2}{Stato dell'arte}{}% 4
\BOOKMARK [1][-]{section.2.1}{Smoothing}{chapter.2}% 5
\BOOKMARK [2][-]{subsection.2.1.1}{Exponential Smoothing}{section.2.1}% 6
\BOOKMARK [1][-]{section.2.2}{Vector Autoregressive Model}{chapter.2}% 7
\BOOKMARK [2][-]{subsection.2.2.1}{Modelli teorici}{section.2.2}% 8
\BOOKMARK [2][-]{subsection.2.2.2}{Implementazione in R}{section.2.2}% 9
\BOOKMARK [1][-]{section.2.3}{Clustering}{chapter.2}% 10
\BOOKMARK [2][-]{subsection.2.3.1}{Clustering partizionale}{section.2.3}% 11
\BOOKMARK [2][-]{subsection.2.3.2}{Clustering gerarchico}{section.2.3}% 12
\BOOKMARK [2][-]{subsection.2.3.3}{Clustering concettuale e interpolativo}{section.2.3}% 13
\BOOKMARK [1][-]{section.2.4}{VARForecaster 1.0/2.0}{chapter.2}% 14
\BOOKMARK [2][-]{subsection.2.4.1}{VARForecaster 1.0}{section.2.4}% 15
\BOOKMARK [2][-]{subsection.2.4.2}{VARForecaster 2.0}{section.2.4}% 16
\BOOKMARK [0][-]{chapter.3}{VARForecaster 2.1/2.2}{}% 17
\BOOKMARK [1][-]{section.3.1}{VARForecaster 2.1}{chapter.3}% 18
\BOOKMARK [2][-]{subsection.3.1.1}{Progettazione}{section.3.1}% 19
\BOOKMARK [1][-]{section.3.2}{VARForecaster 2.2}{chapter.3}% 20
\BOOKMARK [2][-]{subsection.3.2.1}{Progettazione}{section.3.2}% 21
\BOOKMARK [0][-]{chapter.4}{Analisi sperimentale}{}% 22
\BOOKMARK [1][-]{section.4.1}{Obiettivi e metriche}{chapter.4}% 23
\BOOKMARK [1][-]{section.4.2}{Dati}{chapter.4}% 24
\BOOKMARK [1][-]{section.4.3}{Risultati e discussione}{chapter.4}% 25
\BOOKMARK [2][-]{subsection.4.3.1}{Ecotexas}{section.4.3}% 26
\BOOKMARK [2][-]{subsection.4.3.2}{UnitedStatesPacific}{section.4.3}% 27
\BOOKMARK [0][-]{chapter.5}{Conclusioni}{}% 28
\BOOKMARK [0][-]{chapter.6}{Appendice}{}% 29
\BOOKMARK [1][-]{section.6.1}{Guida per l\220esecuzione di VARForecaster 2.1/2.2}{chapter.6}% 30
\BOOKMARK [0][-]{chapter.7}{Bibliografia}{}% 31
